<?xml version="1.0" encoding="UTF-8"?>
<!-- Generated by org.testng.reporters.JUnitReportReporter -->
<testsuite hostname="FFE-Tayaba-Afshan-FFE245" failures="0" tests="1" name="testScript.Login" time="0.007" errors="0" timestamp="2024-01-12T16:56:03 IST" skipped="0">
  <testcase classname="testScript.Login" name="test1" time="0.007"/>
  <system-out/>
</testsuite> <!-- testScript.Login -->
